  main.cpp
  c:\program files (x86)\windows kits\10\include\10.0.16299.0\um\dinput.h: DIRECTINPUT_VERSION undefined. Defaulting to version 0x0800
c:\users\bryn\documents\bryn\bryn uwe\year 3\at\at1\advtech-1\atproject1_current\atproject1\main.cpp(42): warning C4018: '<': signed/unsigned mismatch
c:\users\bryn\documents\bryn\bryn uwe\year 3\at\at1\advtech-1\atproject1_current\atproject1\main.cpp(134): warning C4007: 'WinMain': must be '__stdcall'
c:\users\bryn\documents\bryn\bryn uwe\year 3\at\at1\advtech-1\atproject1_current\atproject1\main.cpp(189): warning C4244: 'argument': conversion from 'int' to 'float', possible loss of data
c:\users\bryn\documents\bryn\bryn uwe\year 3\at\at1\advtech-1\atproject1_current\atproject1\main.cpp(250): warning C4018: '<': signed/unsigned mismatch
c:\users\bryn\documents\bryn\bryn uwe\year 3\at\at1\advtech-1\atproject1_current\atproject1\main.cpp(255): warning C4018: '<': signed/unsigned mismatch
c:\users\bryn\documents\bryn\bryn uwe\year 3\at\at1\advtech-1\atproject1_current\atproject1\main.cpp(269): warning C4018: '<': signed/unsigned mismatch
c:\users\bryn\documents\bryn\bryn uwe\year 3\at\at1\advtech-1\atproject1_current\atproject1\main.cpp(282): warning C4018: '<': signed/unsigned mismatch
c:\users\bryn\documents\bryn\bryn uwe\year 3\at\at1\advtech-1\atproject1_current\atproject1\main.cpp(306): warning C4018: '<': signed/unsigned mismatch
c:\users\bryn\documents\bryn\bryn uwe\year 3\at\at1\advtech-1\atproject1_current\atproject1\main.cpp(311): warning C4018: '<': signed/unsigned mismatch
c:\users\bryn\documents\bryn\bryn uwe\year 3\at\at1\advtech-1\atproject1_current\atproject1\main.cpp(338): warning C4018: '<': signed/unsigned mismatch
c:\users\bryn\documents\bryn\bryn uwe\year 3\at\at1\advtech-1\atproject1_current\atproject1\main.cpp(340): warning C4244: 'initializing': conversion from 'float' to 'int', possible loss of data
c:\users\bryn\documents\bryn\bryn uwe\year 3\at\at1\advtech-1\atproject1_current\atproject1\main.cpp(341): warning C4244: 'initializing': conversion from 'float' to 'int', possible loss of data
c:\users\bryn\documents\bryn\bryn uwe\year 3\at\at1\advtech-1\atproject1_current\atproject1\main.cpp(342): warning C4244: 'initializing': conversion from 'double' to 'float', possible loss of data
c:\users\bryn\documents\bryn\bryn uwe\year 3\at\at1\advtech-1\atproject1_current\atproject1\main.cpp(354): warning C4018: '<': signed/unsigned mismatch
c:\users\bryn\documents\bryn\bryn uwe\year 3\at\at1\advtech-1\atproject1_current\atproject1\main.cpp(359): warning C4018: '<': signed/unsigned mismatch
c:\users\bryn\documents\bryn\bryn uwe\year 3\at\at1\advtech-1\atproject1_current\atproject1\main.cpp(423): warning C4018: '<': signed/unsigned mismatch
c:\users\bryn\documents\bryn\bryn uwe\year 3\at\at1\advtech-1\atproject1_current\atproject1\main.cpp(442): warning C4018: '<': signed/unsigned mismatch
c:\users\bryn\documents\bryn\bryn uwe\year 3\at\at1\advtech-1\atproject1_current\atproject1\main.cpp(460): warning C4018: '<': signed/unsigned mismatch
c:\users\bryn\documents\bryn\bryn uwe\year 3\at\at1\advtech-1\atproject1_current\atproject1\main.cpp(482): warning C4018: '<': signed/unsigned mismatch
c:\users\bryn\documents\bryn\bryn uwe\year 3\at\at1\advtech-1\atproject1_current\atproject1\main.cpp(488): warning C4018: '<': signed/unsigned mismatch
  ATProject1.vcxproj -> C:\Users\Bryn\Documents\Bryn\Bryn UWE\Year 3\AT\AT1\AdvTech-1\ATProject1_current\Debug\ATProject1.exe
